Importer Log Report
Document: D:\SUFST-temp\pcb\bspd\scs-check.kicad_sch
    Section : Loading Schematic - D:\SUFST-temp\pcb\bspd\scs-check.kicad_sch
        Warning: Unknown child generator_version of kicad_sch.
        Warning: Unknown child exclude_from_sim of symbol.
        Warning: Unknown child embedded_fonts of symbol.
        Warning: Unknown child exclude_from_sim of symbol.
        Warning: Unknown child embedded_fonts of symbol.
        Warning: Unknown child exclude_from_sim of symbol.
        Warning: Unknown child embedded_fonts of symbol.
        Warning: Unknown child exclude_from_sim of symbol.
        Warning: Unknown child embedded_fonts of symbol.
        Warning: Unknown child exclude_from_sim of symbol.
        Warning: Unknown child embedded_fonts of symbol.
        Warning: Unknown child exclude_from_sim of symbol.
        Warning: Unknown child hide of pin.
        Warning: Unknown child embedded_fonts of symbol.
        Warning: Unknown child exclude_from_sim of symbol.
        Warning: Unknown child hide of pin.
        Warning: Unknown child embedded_fonts of symbol.
        Warning: Unknown child exclude_from_sim of text.
        Warning: Unknown child exclude_from_sim of text.
        Warning: Unknown child exclude_from_sim of text.
        Warning: Unknown child exclude_from_sim of text.
        Warning: Unknown child exclude_from_sim of text.
        Warning: Unknown child exclude_from_sim of text.
        Warning: Unknown child color of effects.
        Warning: Unknown child exclude_from_sim of text.
        Warning: Unknown child exclude_from_sim of text.
        Warning: Unknown child color of effects.
        Warning: Unknown child exclude_from_sim of text.
        Warning: Unknown child exclude_from_sim of text.
        Warning: Unknown child exclude_from_sim of text.
        Warning: Unknown child color of effects.
        Warning: Unknown child exclude_from_sim of text.
        Warning: Unknown child exclude_from_sim of text.
        Warning: Unknown child color of effects.
        Warning: Unknown child exclude_from_sim of symbol.
        Warning: Unknown child exclude_from_sim of symbol.
        Warning: Unknown child exclude_from_sim of symbol.
        Warning: Unknown child exclude_from_sim of symbol.
        Warning: Unknown child exclude_from_sim of symbol.
        Warning: Unknown child exclude_from_sim of symbol.
        Warning: Unknown child exclude_from_sim of symbol.
        Warning: Unknown child exclude_from_sim of symbol.
        Warning: Unknown child exclude_from_sim of symbol.
        Warning: Unknown child exclude_from_sim of symbol.
        Warning: Unknown child exclude_from_sim of symbol.
        Warning: Unknown child exclude_from_sim of symbol.
        Warning: Unknown child exclude_from_sim of symbol.
        Warning: Unknown child exclude_from_sim of symbol.
        Warning: Unknown child exclude_from_sim of symbol.
        Warning: Unknown child exclude_from_sim of symbol.
        Warning: Unknown child exclude_from_sim of symbol.
        Warning: Unknown child exclude_from_sim of symbol.
        Warning: Unknown child exclude_from_sim of symbol.
        Warning: Unknown child exclude_from_sim of symbol.
        Warning: Unknown child exclude_from_sim of symbol.
        Warning: Unknown child exclude_from_sim of symbol.
        Warning: Unknown child exclude_from_sim of symbol.
        Warning: Unknown child exclude_from_sim of symbol.
    EndSection
    Section : Loading Schematic - D:\SUFST-temp\pcb\bspd\scs-check.kicad_sch
        Warning: Unknown child generator_version of kicad_sch.
        Warning: Unknown child exclude_from_sim of symbol.
        Warning: Unknown child embedded_fonts of symbol.
        Warning: Unknown child exclude_from_sim of symbol.
        Warning: Unknown child embedded_fonts of symbol.
        Warning: Unknown child exclude_from_sim of symbol.
        Warning: Unknown child embedded_fonts of symbol.
        Warning: Unknown child exclude_from_sim of symbol.
        Warning: Unknown child embedded_fonts of symbol.
        Warning: Unknown child exclude_from_sim of symbol.
        Warning: Unknown child embedded_fonts of symbol.
        Warning: Unknown child exclude_from_sim of symbol.
        Warning: Unknown child hide of pin.
        Warning: Unknown child embedded_fonts of symbol.
        Warning: Unknown child exclude_from_sim of symbol.
        Warning: Unknown child hide of pin.
        Warning: Unknown child embedded_fonts of symbol.
        Warning: Unknown child exclude_from_sim of text.
        Warning: Unknown child exclude_from_sim of text.
        Warning: Unknown child exclude_from_sim of text.
        Warning: Unknown child exclude_from_sim of text.
        Warning: Unknown child exclude_from_sim of text.
        Warning: Unknown child exclude_from_sim of text.
        Warning: Unknown child color of effects.
        Warning: Unknown child exclude_from_sim of text.
        Warning: Unknown child exclude_from_sim of text.
        Warning: Unknown child color of effects.
        Warning: Unknown child exclude_from_sim of text.
        Warning: Unknown child exclude_from_sim of text.
        Warning: Unknown child exclude_from_sim of text.
        Warning: Unknown child color of effects.
        Warning: Unknown child exclude_from_sim of text.
        Warning: Unknown child exclude_from_sim of text.
        Warning: Unknown child color of effects.
        Warning: Unknown child exclude_from_sim of symbol.
        Warning: Unknown child exclude_from_sim of symbol.
        Warning: Unknown child exclude_from_sim of symbol.
        Warning: Unknown child exclude_from_sim of symbol.
        Warning: Unknown child exclude_from_sim of symbol.
        Warning: Unknown child exclude_from_sim of symbol.
        Warning: Unknown child exclude_from_sim of symbol.
        Warning: Unknown child exclude_from_sim of symbol.
        Warning: Unknown child exclude_from_sim of symbol.
        Warning: Unknown child exclude_from_sim of symbol.
        Warning: Unknown child exclude_from_sim of symbol.
        Warning: Unknown child exclude_from_sim of symbol.
        Warning: Unknown child exclude_from_sim of symbol.
        Warning: Unknown child exclude_from_sim of symbol.
        Warning: Unknown child exclude_from_sim of symbol.
        Warning: Unknown child exclude_from_sim of symbol.
        Warning: Unknown child exclude_from_sim of symbol.
        Warning: Unknown child exclude_from_sim of symbol.
        Warning: Unknown child exclude_from_sim of symbol.
        Warning: Unknown child exclude_from_sim of symbol.
        Warning: Unknown child exclude_from_sim of symbol.
        Warning: Unknown child exclude_from_sim of symbol.
        Warning: Unknown child exclude_from_sim of symbol.
        Warning: Unknown child exclude_from_sim of symbol.
    EndSection
